14:19:08: Creating resource group General
14:19:08: Creating resource group Internal
14:19:08: Creating resource group Autodetect
14:19:08: SceneManagerFactory for type 'DefaultSceneManager' registered.
14:19:08: Registering ResourceManager for type Material
14:19:08: Registering ResourceManager for type Mesh
14:19:08: Registering ResourceManager for type Skeleton
14:19:08: MovableObjectFactory for type 'ParticleSystem' registered.
14:19:08: OverlayElementFactory for type Panel registered.
14:19:08: OverlayElementFactory for type BorderPanel registered.
14:19:08: OverlayElementFactory for type TextArea registered.
14:19:08: Registering ResourceManager for type Font
14:19:08: ArchiveFactory for archive type FileSystem registered.
14:19:08: ArchiveFactory for archive type Zip registered.
14:19:08: DDS codec registering
14:19:08: FreeImage version: 3.13.1
14:19:08: This program uses FreeImage, a free, open source image library supporting all common bitmap formats. See http://freeimage.sourceforge.net for details
14:19:09: Supported formats: bmp,ico,jpg,jif,jpeg,jpe,jng,koa,iff,lbm,mng,pbm,pbm,pcd,pcx,pgm,pgm,png,ppm,ppm,ras,tga,targa,tif,tiff,wap,wbmp,wbm,psd,cut,xbm,xpm,gif,hdr,g3,sgi,exr,j2k,j2c,jp2,pfm,pct,pict,pic,bay,bmq,cr2,crw,cs1,dc2,dcr,dng,erf,fff,hdr,k25,kdc,mdc,mos,mrw,nef,orf,pef,pxn,raf,raw,rdc,sr2,srf,arw,3fr,cine,ia,kc2,mef,nrw,qtk,rw2,sti,drf,dsc,ptx,cap,iiq,rwz
14:19:09: Registering ResourceManager for type HighLevelGpuProgram
14:19:09: Registering ResourceManager for type Compositor
14:19:09: MovableObjectFactory for type 'Entity' registered.
14:19:09: MovableObjectFactory for type 'Light' registered.
14:19:09: MovableObjectFactory for type 'BillboardSet' registered.
14:19:09: MovableObjectFactory for type 'ManualObject' registered.
14:19:09: MovableObjectFactory for type 'BillboardChain' registered.
14:19:09: MovableObjectFactory for type 'RibbonTrail' registered.
14:19:09: Loading library plugins\RenderSystem_GL.dll
14:19:09: Installing plugin: GL RenderSystem
14:19:09: OpenGL Rendering Subsystem created.
14:19:09: Plugin successfully installed
14:19:09: Loading library plugins\RenderSystem_Direct3D9.dll
14:19:09: Installing plugin: D3D9 RenderSystem
14:19:09: D3D9 : Direct3D9 Rendering Subsystem created.
14:19:09: D3D9: Driver Detection Starts
14:19:09: D3D9: Driver Detection Ends
14:19:09: Plugin successfully installed
14:19:09: Loading library plugins\Plugin_ParticleFX.dll
14:19:09: Installing plugin: ParticleFX
14:19:09: Particle Emitter Type 'Point' registered
14:19:09: Particle Emitter Type 'Box' registered
14:19:09: Particle Emitter Type 'Ellipsoid' registered
14:19:09: Particle Emitter Type 'Cylinder' registered
14:19:09: Particle Emitter Type 'Ring' registered
14:19:09: Particle Emitter Type 'HollowEllipsoid' registered
14:19:09: Particle Affector Type 'LinearForce' registered
14:19:09: Particle Affector Type 'ColourFader' registered
14:19:09: Particle Affector Type 'ColourFader2' registered
14:19:09: Particle Affector Type 'ColourImage' registered
14:19:09: Particle Affector Type 'ColourInterpolator' registered
14:19:09: Particle Affector Type 'Scaler' registered
14:19:09: Particle Affector Type 'Rotator' registered
14:19:09: Particle Affector Type 'DirectionRandomiser' registered
14:19:09: Particle Affector Type 'DeflectorPlane' registered
14:19:09: Plugin successfully installed
14:19:09: Loading library plugins\Plugin_BSPSceneManager.dll
14:19:09: Installing plugin: BSP Scene Manager
14:19:09: Plugin successfully installed
14:19:09: Loading library plugins\Plugin_OctreeSceneManager.dll
14:19:09: Installing plugin: Octree & Terrain Scene Manager
14:19:09: Plugin successfully installed
14:19:09: Loading library plugins\Plugin_CgProgramManager.dll
14:19:09: Installing plugin: Cg Program Manager
14:19:09: Plugin successfully installed
14:19:09: *-*-* OGRE Initialising
14:19:09: *-*-* Version 1.7.2 (Cthugha)
14:19:09: Creating resource group Bootstrap
14:19:09: Added resource location 'media/packs/OgreCore.zip' of type 'Zip' to resource group 'Bootstrap'
14:19:09: Added resource location 'media' of type 'FileSystem' to resource group 'General'
14:19:09: Added resource location 'media/fonts' of type 'FileSystem' to resource group 'General'
14:19:09: Added resource location 'media/sounds' of type 'FileSystem' to resource group 'General'
14:19:09: Added resource location 'media/Audio' of type 'FileSystem' to resource group 'General'
14:19:09: Added resource location 'media/materials/programs' of type 'FileSystem' to resource group 'General'
14:19:09: Added resource location 'media/materials/scripts' of type 'FileSystem' to resource group 'General'
14:19:09: Added resource location 'media/materials/textures' of type 'FileSystem' to resource group 'General'
14:19:09: Added resource location 'media/models' of type 'FileSystem' to resource group 'General'
14:19:09: Added resource location 'media/overlays' of type 'FileSystem' to resource group 'General'
14:19:09: Added resource location 'media/particle' of type 'FileSystem' to resource group 'General'
14:19:09: Added resource location 'media/gui' of type 'FileSystem' to resource group 'General'
14:19:09: Added resource location 'media/packs/cubemap.zip' of type 'Zip' to resource group 'General'
14:19:09: Added resource location 'media/packs/cubemapsJS.zip' of type 'Zip' to resource group 'General'
14:19:09: Added resource location 'media/packs/dragon.zip' of type 'Zip' to resource group 'General'
14:19:09: Added resource location 'media/packs/fresneldemo.zip' of type 'Zip' to resource group 'General'
14:19:09: Added resource location 'media/packs/ogretestmap.zip' of type 'Zip' to resource group 'General'
14:19:09: Added resource location 'media/packs/skybox.zip' of type 'Zip' to resource group 'General'
14:19:09: D3D9 : RenderSystem Option: Allow NVPerfHUD = No
14:19:09: D3D9 : RenderSystem Option: FSAA = 0
14:19:09: D3D9 : RenderSystem Option: Floating-point mode = Fastest
14:19:09: D3D9 : RenderSystem Option: Full Screen = No
14:19:09: D3D9 : RenderSystem Option: Rendering Device = Monitor-1-AMD Radeon HD 6800 Series
14:19:09: D3D9 : RenderSystem Option: Resource Creation Policy = Create on all devices
14:19:09: D3D9 : RenderSystem Option: VSync = No
14:19:09: D3D9 : RenderSystem Option: VSync Interval = 1
14:19:09: D3D9 : RenderSystem Option: Video Mode = 800 x 600 @ 32-bit colour
14:19:09: D3D9 : RenderSystem Option: sRGB Gamma Conversion = No
14:19:09: CPU Identifier & Features
14:19:09: -------------------------
14:19:09:  *   CPU ID: GenuineIntel: Intel(R) Core(TM) i5-2500K CPU @ 3.30GHz
14:19:09:  *      SSE: yes
14:19:09:  *     SSE2: yes
14:19:09:  *     SSE3: yes
14:19:09:  *      MMX: yes
14:19:09:  *   MMXEXT: yes
14:19:09:  *    3DNOW: no
14:19:09:  * 3DNOWEXT: no
14:19:09:  *     CMOV: yes
14:19:09:  *      TSC: yes
14:19:09:  *      FPU: yes
14:19:09:  *      PRO: yes
14:19:09:  *       HT: no
14:19:09: -------------------------
14:19:09: *** Starting Win32GL Subsystem ***
14:19:09: GLRenderSystem::_createRenderWindow "RTS Small Start", 1024x768 windowed  miscParams: FSAA=0 FSAAHint= colourDepth=32 displayFrequency=0 gamma=false vsync=true vsyncInterval=1 
14:19:09: Created Win32Window 'RTS Small Start' : 1040x806, 32bpp
14:19:09: GL_VERSION = 4.2.11762 Compatibility Profile Context
14:19:09: GL_VENDOR = ATI Technologies Inc.
14:19:09: GL_RENDERER = AMD Radeon HD 6800 Series
14:19:09: GL_EXTENSIONS = GL_AMDX_debug_output GL_AMDX_vertex_shader_tessellator GL_AMD_conservative_depth GL_AMD_debug_output GL_AMD_depth_clamp_separate GL_AMD_draw_buffers_blend GL_AMD_multi_draw_indirect GL_AMD_name_gen_delete GL_AMD_performance_monitor GL_AMD_pinned_memory GL_AMD_query_buffer_object GL_AMD_sample_positions GL_AMD_seamless_cubemap_per_texture GL_AMD_shader_stencil_export GL_AMD_shader_trace GL_AMD_texture_cube_map_array GL_AMD_texture_texture4 GL_AMD_transform_feedback3_lines_triangles GL_AMD_vertex_shader_layer GL_AMD_vertex_shader_tessellator GL_AMD_vertex_shader_viewport_index GL_ARB_ES2_compatibility GL_ARB_base_instance GL_ARB_blend_func_extended GL_ARB_color_buffer_float GL_ARB_compressed_texture_pixel_storage GL_ARB_conservative_depth GL_ARB_copy_buffer GL_ARB_depth_buffer_float GL_ARB_depth_clamp GL_ARB_depth_texture GL_ARB_draw_buffers GL_ARB_draw_buffers_blend GL_ARB_draw_elements_base_vertex GL_ARB_draw_indirect GL_ARB_draw_instanced GL_ARB_explicit_attrib_location GL_ARB_fragment_coord_conventions GL_ARB_fragment_program GL_ARB_fragment_program_shadow GL_ARB_fragment_shader GL_ARB_framebuffer_object GL_ARB_framebuffer_sRGB GL_ARB_geometry_shader4 GL_ARB_get_program_binary GL_ARB_gpu_shader5 GL_ARB_gpu_shader_fp64 GL_ARB_half_float_pixel GL_ARB_half_float_vertex GL_ARB_imaging GL_ARB_instanced_arrays GL_ARB_internalformat_query GL_ARB_map_buffer_alignment GL_ARB_map_buffer_range GL_ARB_multisample GL_ARB_multitexture GL_ARB_occlusion_query GL_ARB_occlusion_query2 GL_ARB_pixel_buffer_object GL_ARB_point_parameters GL_ARB_point_sprite GL_ARB_provoking_vertex GL_ARB_sample_shading GL_ARB_sampler_objects GL_ARB_seamless_cube_map GL_ARB_separate_shader_objects GL_ARB_shader_atomic_counters GL_ARB_shader_bit_encoding GL_ARB_shader_image_load_store GL_ARB_shader_objects GL_ARB_shader_precision GL_ARB_shader_stencil_export GL_ARB_shader_subroutine GL_ARB_shader_texture_lod GL_ARB_shading_language_100 GL_ARB_shading_language_420pack GL_ARB_shading_language_packing GL_ARB_shadow GL_ARB_shadow_ambient GL_ARB_sync GL_ARB_tessellation_shader GL_ARB_texture_border_clamp GL_ARB_texture_buffer_object GL_ARB_texture_buffer_object_rgb32 GL_ARB_texture_compression GL_ARB_texture_compression_bptc GL_ARB_texture_compression_rgtc GL_ARB_texture_cube_map GL_ARB_texture_cube_map_array GL_ARB_texture_env_add GL_ARB_texture_env_combine GL_ARB_texture_env_crossbar GL_ARB_texture_env_dot3 GL_ARB_texture_float GL_ARB_texture_gather GL_ARB_texture_mirrored_repeat GL_ARB_texture_multisample GL_ARB_texture_non_power_of_two GL_ARB_texture_query_lod GL_ARB_texture_rectangle GL_ARB_texture_rg GL_ARB_texture_rgb10_a2ui GL_ARB_texture_snorm GL_ARB_texture_storage GL_ARB_timer_query GL_ARB_transform_feedback2 GL_ARB_transform_feedback3 GL_ARB_transform_feedback_instanced GL_ARB_transpose_matrix GL_ARB_uniform_buffer_object GL_ARB_vertex_array_bgra GL_ARB_vertex_array_object GL_ARB_vertex_attrib_64bit GL_ARB_vertex_buffer_object GL_ARB_vertex_program GL_ARB_vertex_shader GL_ARB_vertex_type_2_10_10_10_rev GL_ARB_viewport_array GL_ARB_window_pos GL_ATI_draw_buffers GL_ATI_envmap_bumpmap GL_ATI_fragment_shader GL_ATI_meminfo GL_ATI_separate_stencil GL_ATI_texture_compression_3dc GL_ATI_texture_env_combine3 GL_ATI_texture_float GL_ATI_texture_mirror_once GL_EXT_abgr GL_EXT_bgra GL_EXT_bindable_uniform GL_EXT_blend_color GL_EXT_blend_equation_separate GL_EXT_blend_func_separate GL_EXT_blend_minmax GL_EXT_blend_subtract GL_EXT_compiled_vertex_array GL_EXT_copy_buffer GL_EXT_copy_texture GL_EXT_direct_state_access GL_EXT_draw_buffers2 GL_EXT_draw_instanced GL_EXT_draw_range_elements GL_EXT_fog_coord GL_EXT_framebuffer_blit GL_EXT_framebuffer_multisample GL_EXT_framebuffer_object GL_EXT_framebuffer_sRGB GL_EXT_geometry_shader4 GL_EXT_gpu_program_parameters GL_EXT_gpu_shader4 GL_EXT_histogram GL_EXT_multi_draw_arrays GL_EXT_packed_depth_stencil GL_EXT_packed_float GL_EXT_packed_pixels GL_EXT_pixel_buffer_object GL_EXT_point_parameters GL_EXT_provoking_vertex GL_EXT_rescale_normal GL_EXT_secondary_color GL_EXT_separate_specular_color GL_EXT_shader_image_load_store GL_EXT_shadow_funcs GL_EXT_stencil_wrap GL_EXT_subtexture GL_EXT_texgen_reflection GL_EXT_texture3D GL_EXT_texture_array GL_EXT_texture_buffer_object GL_EXT_texture_compression_bptc GL_EXT_texture_compression_latc GL_EXT_texture_compression_rgtc GL_EXT_texture_compression_s3tc GL_EXT_texture_cube_map GL_EXT_texture_edge_clamp GL_EXT_texture_env_add GL_EXT_texture_env_combine GL_EXT_texture_env_dot3 GL_EXT_texture_filter_anisotropic GL_EXT_texture_integer GL_EXT_texture_lod GL_EXT_texture_lod_bias GL_EXT_texture_mirror_clamp GL_EXT_texture_object GL_EXT_texture_rectangle GL_EXT_texture_sRGB GL_EXT_texture_sRGB_decode GL_EXT_texture_shared_exponent GL_EXT_texture_snorm GL_EXT_texture_storage GL_EXT_texture_swizzle GL_EXT_timer_query GL_EXT_transform_feedback GL_EXT_vertex_array GL_EXT_vertex_array_bgra GL_EXT_vertex_attrib_64bit GL_IBM_texture_mirrored_repeat GL_KTX_buffer_region GL_NV_blend_square GL_NV_conditional_render GL_NV_copy_depth_to_color GL_NV_copy_image GL_NV_explicit_multisample GL_NV_float_buffer GL_NV_half_float GL_NV_primitive_restart GL_NV_texgen_reflection GL_NV_texture_barrier GL_SGIS_generate_mipmap GL_SGIS_texture_edge_clamp GL_SGIS_texture_lod GL_SUN_multi_draw_arrays GL_WIN_swap_hint WGL_EXT_swap_control
14:19:09: Supported WGL extensions: WGL_ARB_extensions_string WGL_ARB_pixel_format WGL_ATI_pixel_format_float WGL_ARB_pixel_format_float WGL_ARB_multisample WGL_EXT_swap_control WGL_EXT_swap_control_tear WGL_ARB_pbuffer WGL_ARB_render_texture WGL_ARB_make_current_read WGL_EXT_extensions_string WGL_ARB_buffer_region WGL_EXT_framebuffer_sRGB WGL_ATI_render_texture_rectangle WGL_EXT_pixel_format_packed_float WGL_I3D_genlock WGL_NV_swap_group WGL_ARB_create_context WGL_AMD_gpu_association WGL_AMDX_gpu_association WGL_ARB_create_context_profile WGL_NV_float_buffer
14:19:09: ***************************
14:19:09: *** GL Renderer Started ***
14:19:09: ***************************
14:19:09: Registering ResourceManager for type GpuProgram
14:19:09: GLSL support detected
14:19:09: GL: Using GL_EXT_framebuffer_object for rendering to textures (best)
14:19:09: FBO PF_UNKNOWN depth/stencil support: D0S1 D0S4 D0S8 D0S16 D16S0 D24S0 D32S0 Packed-D24S8 
14:19:09: FBO PF_L8 depth/stencil support: D0S0 D0S1 D0S4 D0S8 D0S16 D16S0 D24S0 D32S0 Packed-D24S8 
14:19:09: FBO PF_L16 depth/stencil support: D0S0 D0S1 D0S4 D0S8 D0S16 D16S0 D24S0 D32S0 Packed-D24S8 
14:19:09: FBO PF_A8 depth/stencil support: D0S0 D0S1 D0S4 D0S8 D0S16 D16S0 D24S0 D32S0 Packed-D24S8 
14:19:09: FBO PF_A4L4 depth/stencil support: D0S0 D0S1 D0S4 D0S8 D0S16 D16S0 D24S0 D32S0 Packed-D24S8 
14:19:09: FBO PF_BYTE_LA depth/stencil support: D0S0 D0S1 D0S4 D0S8 D0S16 D16S0 D24S0 D32S0 Packed-D24S8 
14:19:09: FBO PF_R5G6B5 depth/stencil support: D0S0 D0S1 D0S4 D0S8 D0S16 D16S0 D24S0 D32S0 Packed-D24S8 
14:19:09: FBO PF_B5G6R5 depth/stencil support: D0S0 D0S1 D0S4 D0S8 D0S16 D16S0 D24S0 D32S0 Packed-D24S8 
14:19:09: FBO PF_A4R4G4B4 depth/stencil support: D0S0 D0S1 D0S4 D0S8 D0S16 D16S0 D24S0 D32S0 Packed-D24S8 
14:19:09: FBO PF_A1R5G5B5 depth/stencil support: D0S0 D0S1 D0S4 D0S8 D0S16 D16S0 D24S0 D32S0 Packed-D24S8 
14:19:09: FBO PF_R8G8B8 depth/stencil support: D0S0 D0S1 D0S4 D0S8 D0S16 D16S0 D24S0 D32S0 Packed-D24S8 
14:19:09: FBO PF_B8G8R8 depth/stencil support: D0S0 D0S1 D0S4 D0S8 D0S16 D16S0 D24S0 D32S0 Packed-D24S8 
14:19:09: FBO PF_A8R8G8B8 depth/stencil support: D0S0 D0S1 D0S4 D0S8 D0S16 D16S0 D24S0 D32S0 Packed-D24S8 
14:19:09: FBO PF_B8G8R8A8 depth/stencil support: D0S0 D0S1 D0S4 D0S8 D0S16 D16S0 D24S0 D32S0 Packed-D24S8 
14:19:09: FBO PF_A2R10G10B10 depth/stencil support: D0S0 D0S1 D0S4 D0S8 D0S16 D16S0 D24S0 D32S0 Packed-D24S8 
14:19:09: FBO PF_A2B10G10R10 depth/stencil support: D0S0 D0S1 D0S4 D0S8 D0S16 D16S0 D24S0 D32S0 Packed-D24S8 
14:19:09: FBO PF_FLOAT16_RGB depth/stencil support: D0S0 D0S1 D0S4 D0S8 D0S16 D16S0 D24S0 D32S0 Packed-D24S8 
14:19:09: FBO PF_FLOAT16_RGBA depth/stencil support: D0S0 D0S1 D0S4 D0S8 D0S16 D16S0 D24S0 D32S0 Packed-D24S8 
14:19:10: FBO PF_FLOAT32_RGB depth/stencil support: D0S0 D0S1 D0S4 D0S8 D0S16 D16S0 D24S0 D32S0 Packed-D24S8 
14:19:10: FBO PF_FLOAT32_RGBA depth/stencil support: D0S0 D0S1 D0S4 D0S8 D0S16 D16S0 D24S0 D32S0 Packed-D24S8 
14:19:10: FBO PF_X8R8G8B8 depth/stencil support: D0S0 D0S1 D0S4 D0S8 D0S16 D16S0 D24S0 D32S0 Packed-D24S8 
14:19:10: FBO PF_X8B8G8R8 depth/stencil support: D0S0 D0S1 D0S4 D0S8 D0S16 D16S0 D24S0 D32S0 Packed-D24S8 
14:19:10: FBO PF_SHORT_RGBA depth/stencil support: D0S0 D0S1 D0S4 D0S8 D0S16 D16S0 D24S0 D32S0 Packed-D24S8 
14:19:10: FBO PF_R3G3B2 depth/stencil support: D0S0 D0S1 D0S4 D0S8 D0S16 D16S0 D24S0 D32S0 Packed-D24S8 
14:19:10: FBO PF_FLOAT16_R depth/stencil support: D0S0 D0S1 D0S4 D0S8 D0S16 D16S0 D24S0 D32S0 Packed-D24S8 
14:19:10: FBO PF_FLOAT32_R depth/stencil support: D0S0 D0S1 D0S4 D0S8 D0S16 D16S0 D24S0 D32S0 Packed-D24S8 
14:19:10: FBO PF_SHORT_GR depth/stencil support: D0S0 D0S1 D0S4 D0S8 D0S16 D16S0 D24S0 D32S0 Packed-D24S8 
14:19:10: FBO PF_FLOAT16_GR depth/stencil support: D0S0 D0S1 D0S4 D0S8 D0S16 D16S0 D24S0 D32S0 Packed-D24S8 
14:19:10: FBO PF_FLOAT32_GR depth/stencil support: D0S0 D0S1 D0S4 D0S8 D0S16 D16S0 D24S0 D32S0 Packed-D24S8 
14:19:10: FBO PF_SHORT_RGB depth/stencil support: D0S0 D0S1 D0S4 D0S8 D0S16 D16S0 D24S0 D32S0 Packed-D24S8 
14:19:10: [GL] : Valid FBO targets PF_UNKNOWN PF_L8 PF_L16 PF_A8 PF_A4L4 PF_BYTE_LA PF_R5G6B5 PF_B5G6R5 PF_A4R4G4B4 PF_A1R5G5B5 PF_R8G8B8 PF_B8G8R8 PF_A8R8G8B8 PF_B8G8R8A8 PF_A2R10G10B10 PF_A2B10G10R10 PF_FLOAT16_RGB PF_FLOAT16_RGBA PF_FLOAT32_RGB PF_FLOAT32_RGBA PF_X8R8G8B8 PF_X8B8G8R8 PF_SHORT_RGBA PF_R3G3B2 PF_FLOAT16_R PF_FLOAT32_R PF_SHORT_GR PF_FLOAT16_GR PF_FLOAT32_GR PF_SHORT_RGB 
14:19:10: RenderSystem capabilities
14:19:10: -------------------------
14:19:10: RenderSystem Name: OpenGL Rendering Subsystem
14:19:10: GPU Vendor: ati
14:19:10: Device Name: AMD Radeon HD 6800 Series
14:19:10: Driver Version: 4.2.11762.0
14:19:10:  * Fixed function pipeline: yes
14:19:10:  * Hardware generation of mipmaps: yes
14:19:10:  * Texture blending: yes
14:19:10:  * Anisotropic texture filtering: yes
14:19:10:  * Dot product texture operation: yes
14:19:10:  * Cube mapping: yes
14:19:10:  * Hardware stencil buffer: yes
14:19:10:    - Stencil depth: 8
14:19:10:    - Two sided stencil support: yes
14:19:10:    - Wrap stencil values: yes
14:19:10:  * Hardware vertex / index buffers: yes
14:19:10:  * Vertex programs: yes
14:19:10:  * Number of floating-point constants for vertex programs: 256
14:19:10:  * Number of integer constants for vertex programs: 0
14:19:10:  * Number of boolean constants for vertex programs: 0
14:19:10:  * Fragment programs: yes
14:19:10:  * Number of floating-point constants for fragment programs: 256
14:19:10:  * Number of integer constants for fragment programs: 0
14:19:10:  * Number of boolean constants for fragment programs: 0
14:19:10:  * Geometry programs: yes
14:19:10:  * Number of floating-point constants for geometry programs: 256
14:19:10:  * Number of integer constants for geometry programs: 0
14:19:10:  * Number of boolean constants for geometry programs: 0
14:19:10:  * Supported Shader Profiles: arbfp1 arbvp1 glsl gp4gp gpu_gp nvgp4 ps_1_1 ps_1_2 ps_1_3 ps_1_4
14:19:10:  * Texture Compression: yes
14:19:10:    - DXT: yes
14:19:10:    - VTC: no
14:19:10:    - PVRTC: no
14:19:10:  * Scissor Rectangle: yes
14:19:10:  * Hardware Occlusion Query: yes
14:19:10:  * User clip planes: yes
14:19:10:  * VET_UBYTE4 vertex element type: yes
14:19:10:  * Infinite far plane projection: yes
14:19:10:  * Hardware render-to-texture: yes
14:19:10:  * Floating point textures: yes
14:19:10:  * Non-power-of-two textures: yes
14:19:10:  * Volume textures: yes
14:19:10:  * Multiple Render Targets: 8
14:19:10:    - With different bit depths: yes
14:19:10:  * Point Sprites: yes
14:19:10:  * Extended point parameters: yes
14:19:10:  * Max Point Size: 8192
14:19:10:  * Vertex texture fetch: yes
14:19:10:  * Number of world matrices: 0
14:19:10:  * Number of texture units: 16
14:19:10:  * Stencil buffer depth: 8
14:19:10:  * Number of vertex blend matrices: 0
14:19:10:    - Max vertex textures: 16
14:19:10:    - Vertex textures shared: yes
14:19:10:  * Render to Vertex Buffer : no
14:19:10:  * GL 1.5 without VBO workaround: no
14:19:10:  * Frame Buffer objects: yes
14:19:10:  * Frame Buffer objects (ARB extension): no
14:19:10:  * Frame Buffer objects (ATI extension): no
14:19:10:  * PBuffer support: yes
14:19:10:  * GL 1.5 without HW-occlusion workaround: no
14:19:10: Registering ResourceManager for type Texture
14:19:10: DefaultWorkQueue('Root') initialising on thread 00534AC0.
14:19:10: DefaultWorkQueue('Root')::WorkerFunc - thread 00549998 starting.
14:19:10: DefaultWorkQueue('Root')::WorkerFunc - thread 005499C8 starting.
14:19:10: DefaultWorkQueue('Root')::WorkerFunc - thread 005499F8 starting.
14:19:10: Particle Renderer Type 'billboard' registered
14:19:10: DefaultWorkQueue('Root')::WorkerFunc - thread 00549A28 starting.
14:19:10: SceneManagerFactory for type 'BspSceneManager' registered.
14:19:10: Registering ResourceManager for type BspLevel
14:19:10: SceneManagerFactory for type 'OctreeSceneManager' registered.
14:19:10: SceneManagerFactory for type 'TerrainSceneManager' registered.
14:19:10: Parsing scripts for resource group Autodetect
14:19:10: Finished parsing scripts for resource group Autodetect
14:19:10: Parsing scripts for resource group Bootstrap
14:19:10: Parsing script OgreCore.material
14:19:10: Parsing script OgreProfiler.material
14:19:10: Parsing script Ogre.fontdef
14:19:10: Parsing script OgreDebugPanel.overlay
14:19:10: Texture: New_Ogre_Border_Center.png: Loading 1 faces(PF_A8R8G8B8,256x128x1) with 5 hardware generated mipmaps from Image. Internal format is PF_A8R8G8B8,256x128x1.
14:19:10: Texture: New_Ogre_Border.png: Loading 1 faces(PF_A8R8G8B8,256x256x1) with 5 hardware generated mipmaps from Image. Internal format is PF_A8R8G8B8,256x256x1.
14:19:10: Texture: New_Ogre_Border_Break.png: Loading 1 faces(PF_A8R8G8B8,32x32x1) with 5 hardware generated mipmaps from Image. Internal format is PF_A8R8G8B8,32x32x1.
14:19:10: Texture: ogretext.png: Loading 1 faces(PF_A8R8G8B8,256x128x1) with 5 hardware generated mipmaps from Image. Internal format is PF_A8R8G8B8,256x128x1.
14:19:10: Parsing script OgreLoadingPanel.overlay
14:19:10: Finished parsing scripts for resource group Bootstrap
14:19:10: Parsing scripts for resource group General
14:19:10: Parsing script Examples.program
14:19:10: GLSL compiled : Ogre/BasicVertexPrograms/AmbientOneTextureGLSLVertex shader was successfully compiled to run on hardware.

14:19:10: GLSL compiled : Ogre/HardwareSkinningTwoWeightsGLSLVertex shader was successfully compiled to run on hardware.

14:19:10: Parsing script StdQuad_vp.program
14:19:10: Parsing script ASCII.material
14:19:10: Parsing script ASMSwizzle.material
14:19:10: Parsing script BlackAndWhite.material
14:19:10: Parsing script Bloom.material
14:19:10: GLSL compiled : Blur_ps_glslFragment shader was successfully compiled to run on hardware.

14:19:10: GLSL compiled : Blur0_vs_glslVertex shader was successfully compiled to run on hardware.

14:19:10: GLSL compiled : Blur1_vs_glslVertex shader was successfully compiled to run on hardware.

14:19:10: Parsing script Bloom2.material
14:19:10: GLSL compiled : Bloom2_ps20_glslFragment shader was successfully compiled to run on hardware.

14:19:10: Parsing script CGSwizzle.material
14:19:10: Parsing script DepthShadowmap.material
14:19:10: GLSL compiled : Ogre/DepthShadowmap/CasterVP_GLSLVertex shader was successfully compiled to run on hardware.

14:19:10: GLSL compiled : Ogre/DepthShadowmap/CasterFP_GLSLFragment shader was successfully compiled to run on hardware.

14:19:10: GLSL compiled : Ogre/DepthShadowmap/ReceiverVP_GLSLVertex shader was successfully compiled to run on hardware.

14:19:10: GLSL compiled : Ogre/DepthShadowmap/ReceiverFP_GLSLFragment shader was successfully compiled to run on hardware.

14:19:10: GLSL compiled : Ogre/DepthShadowmap/ReceiverFPPCF_GLSLFragment shader was successfully compiled to run on hardware.

14:19:10: GLSL compiled : Ogre/DepthShadowmap/NormalMapReceiverVP_GLSLVertex shader was successfully compiled to run on hardware.

14:19:10: GLSL compiled : Ogre/DepthShadowmap/NormalMapReceiverFP_GLSLFragment shader was successfully compiled to run on hardware.

14:19:10: GLSL compiled : Ogre/DepthShadowmap/NormalMapReceiverFPPCF_GLSLFragment shader was successfully compiled to run on hardware.

14:19:10: Parsing script Dither.material
14:19:10: Parsing script DOF.material
14:19:10: OGRE EXCEPTION(7:InternalErrorException): Unable to find CG profile enum for program DOF_Blend_ps: The parameter used is invalid. in CgProgram::selectProfile at .\src\OgreCgProgramManagerDll.cpp (line 67)
14:19:10: High-level program DOF_Blend_ps encountered an error during loading and is thus not supported.
OGRE EXCEPTION(7:InternalErrorException): Unable to find CG profile enum for program DOF_Blend_ps: The parameter used is invalid. in CgProgram::selectProfile at .\src\OgreCgProgramManagerDll.cpp (line 67)
14:19:10: Parsing script Embossed.material
14:19:10: Parsing script Example-DynTex.material
14:19:10: Parsing script Example-Water.material
14:19:10: Parsing script Example.material
14:19:10: Compiler error: unknown error in Example.material(719): token "depth_write" is not recognized
14:19:10: OGRE EXCEPTION(2:InvalidParametersException): Parameter called camObjPos does not exist.  in GpuProgramParameters::_findNamedConstantDefinition at .\src\OgreGpuProgramParams.cpp (line 1433)
14:19:10: Compiler error: invalid parameters in Example.material(763): setting of constant failed
14:19:10: GLSL compiled : Ogre/HardwareSkinningTwoWeightsShadowCasterGLSLVertex shader was successfully compiled to run on hardware.

14:19:10: Parsing script Examples-Advanced.material
14:19:10: Parsing script facial.material
14:19:10: Parsing script Glass.material
14:19:10: Parsing script GLSLSwizzle.material
14:19:11: GLSL compiled : Ogre/GPTest/Swizzle_GP_GLSLGeometry shader was successfully compiled to run on hardware.

14:19:11: GLSL compiled : Ogre/GPTest/Passthrough_VP_GLSLVertex shader was successfully compiled to run on hardware.

14:19:11: Parsing script Halftone.material
14:19:11: Parsing script hdr.material
14:19:11: GLSL compiled : Ogre/Compositor/HDR/downscale2x2LuminenceGLSL_fpFragment shader was successfully compiled to run on hardware.

14:19:11: GLSL compiled : Ogre/Compositor/StdQuad_GLSL_vpVertex shader was successfully compiled to run on hardware.

14:19:11: GLSL compiled : Ogre/Compositor/HDR/downscale3x3GLSL_fpFragment shader was successfully compiled to run on hardware.

14:19:11: GLSL compiled : Ogre/Compositor/HDR/utils_fpFragment shader was successfully compiled to run on hardware.

14:19:11: GLSL compiled : Ogre/Compositor/HDR/downscale3x3brightpassGLSL_fpFragment shader was successfully compiled to run on hardware.

14:19:11: GLSL compiled : Ogre/Compositor/HDR/bloomGLSL_fpFragment shader was successfully compiled to run on hardware.

14:19:11: GLSL compiled : Ogre/Compositor/HDR/utils_fpFragment shader was successfully compiled to run on hardware.

14:19:11: GLSL compiled : Ogre/Compositor/HDR/finaltonemappingGLSL_fpFragment shader was successfully compiled to run on hardware.

14:19:11: Parsing script HeatVision.material
14:19:11: Parsing script Hurt.material
14:19:11: Parsing script instancing.material
14:19:11: GLSL compiled : InstancingGLSLVertex shader was successfully compiled to run on hardware.

14:19:11: GLSL compiled : InstancingShadowCasterGLSLVertex shader was successfully compiled to run on hardware.

14:19:11: GLSL compiled : CrowdGLSLVertex shader was successfully compiled to run on hardware.

14:19:11: GLSL compiled : CrowdShadowCasterGLSLVertex shader was successfully compiled to run on hardware.

14:19:11: Parsing script Invert.material
14:19:11: Parsing script IsoSurf.material
14:19:11: Problem parsing the following Cg Uniform: '@TMP0' in file Ogre/IsoSurf/TessellateTetrahedraGS
14:19:11: Parsing script Laplace.material
14:19:11: Parsing script MotionBlur.material
14:19:11: Parsing script MRTtest.material
14:19:11: GLSL compiled : Ogre/MRTtest/scenefp/GLSLFragment shader was successfully compiled to run on hardware.

14:19:11: GLSL compiled : Ogre/MRTtest/quadfp/GLSLFragment shader was successfully compiled to run on hardware.

14:19:11: Parsing script NightVision.material
14:19:11: Parsing script Ocean.material
14:19:11: GLSL compiled : GLSL/OceanVSVertex shader was successfully compiled to run on hardware.

14:19:11: GLSL compiled : GLSL/OceanFSFragment shader was successfully compiled to run on hardware.

14:19:11: GLSL compiled : GLSL/Ocean2VSVertex shader was successfully compiled to run on hardware.

14:19:11: GLSL compiled : GLSL/Ocean2FSFragment shader was successfully compiled to run on hardware.

14:19:11: Parsing script OffsetMapping.material
14:19:11: GLSL compiled : Examples/OffsetMappingIntegratedShadowsFPglslFragment shader was successfully compiled to run on hardware.

14:19:11: GLSL compiled : Examples/OffsetMappingIntegratedShadowsVPglslVertex shader was successfully compiled to run on hardware.

14:19:11: Parsing script Ogre.material
14:19:11: Parsing script OldMovie.material
14:19:11: Parsing script OldTV.material
14:19:11: Parsing script Posterize.material
14:19:11: Parsing script pssm.material
14:19:11: Parsing script RadialBlur.material
14:19:11: Parsing script RZR-002.material
14:19:11: Parsing script SharpenEdges.material
14:19:11: Parsing script smoke.material
14:19:11: Parsing script Tiling.material
14:19:11: Parsing script VarianceShadowmap.material
14:19:11: Parsing script console.material
14:19:11: Parsing script Default.material
14:19:11: Parsing script engine.material
14:19:11: Parsing script explosive.material
14:19:11: Parsing script ring.material
14:19:11: Parsing script ring2.material
14:19:11: Parsing script ring3.material
14:19:11: Parsing script material01.material
14:19:11: Parsing script Circle.material
14:19:11: Parsing script blah.material
14:19:11: Parsing script Burnt.material
14:19:11: Parsing script Move.material
14:19:11: Parsing script FOWDarken.material
14:19:11: Parsing script FOWCircle.material
14:19:11: Parsing script transparency.material
14:19:11: Parsing script fins.material
14:19:11: Parsing script PythonOgreDebugPanel.material
14:19:11: Parsing script RomanBath.material
14:19:11: Parsing script emitted_emitter.particle
14:19:11: Parsing script Example-Water.particle
14:19:11: Parsing script Example.particle
14:19:11: Parsing script smoke.particle
14:19:11: Parsing script Examples.compositor
14:19:11: Parsing script sample.fontdef
14:19:11: Parsing script console.fontdef
14:19:11: Parsing script Compositor.overlay
14:19:11: Parsing script DP3.overlay
14:19:11: Parsing script Example-CubeMapping.overlay
14:19:11: Parsing script Example-DynTex.overlay
14:19:11: Parsing script Example-Water.overlay
14:19:11: Parsing script PythonOgreDebugPanel.overlay
14:19:11: Texture: popanel.png: Loading 1 faces(PF_A8R8G8B8,638x90x1) with 5 hardware generated mipmaps from Image. Internal format is PF_A8R8G8B8,638x90x1.
14:19:11: Parsing script Shadows.overlay
14:19:11: Parsing script console.overlay
14:19:11: Finished parsing scripts for resource group General
14:19:11: Parsing scripts for resource group Internal
14:19:11: Finished parsing scripts for resource group Internal
14:19:11: TerrainSceneManager: Registered a new PageSource for type Heightmap
14:19:11: TerrainSceneManager: Activated PageSource Heightmap
14:19:11: Texture: 2048.png: Loading 1 faces(PF_R8G8B8,2048x2048x1) with 5 hardware generated mipmaps from Image. Internal format is PF_X8R8G8B8,2048x2048x1.
14:19:11: Texture: terr_rock-dirt.jpg: Loading 1 faces(PF_R8G8B8,256x256x1) with 5 hardware generated mipmaps from Image. Internal format is PF_X8R8G8B8,256x256x1.
14:19:12: Texture: stevecube_fr.jpg: Loading 1 faces(PF_R8G8B8,512x512x1) with 5 hardware generated mipmaps from Image. Internal format is PF_X8R8G8B8,512x512x1.
14:19:12: Texture: stevecube_bk.jpg: Loading 1 faces(PF_R8G8B8,512x512x1) with 5 hardware generated mipmaps from Image. Internal format is PF_X8R8G8B8,512x512x1.
14:19:12: Texture: stevecube_lf.jpg: Loading 1 faces(PF_R8G8B8,512x512x1) with 5 hardware generated mipmaps from Image. Internal format is PF_X8R8G8B8,512x512x1.
14:19:12: Texture: stevecube_rt.jpg: Loading 1 faces(PF_R8G8B8,512x512x1) with 5 hardware generated mipmaps from Image. Internal format is PF_X8R8G8B8,512x512x1.
14:19:12: Texture: stevecube_up.jpg: Loading 1 faces(PF_R8G8B8,512x512x1) with 5 hardware generated mipmaps from Image. Internal format is PF_X8R8G8B8,512x512x1.
14:19:12: Texture: stevecube_dn.jpg: Loading 1 faces(PF_R8G8B8,512x512x1) with 5 hardware generated mipmaps from Image. Internal format is PF_X8R8G8B8,512x512x1.
14:19:12: Texture: Chrome.jpg: Loading 1 faces(PF_L8,256x256x1) with 5 hardware generated mipmaps from Image. Internal format is PF_L8,256x256x1.
14:19:12: Texture: Move.png: Loading 1 faces(PF_A8R8G8B8,512x512x1) with 5 hardware generated mipmaps from Image. Internal format is PF_A8R8G8B8,512x512x1.
14:19:13: Texture: _cegui_ogre_0: Loading 1 faces(PF_A8B8G8R8,256x256x1) with  hardware generated mipmaps from Image. Internal format is PF_A8R8G8B8,256x256x1.
14:19:13: Texture: _cegui_ogre_1: Loading 1 faces(PF_A8B8G8R8,128x128x1) with  hardware generated mipmaps from Image. Internal format is PF_A8R8G8B8,128x128x1.
14:19:13: Texture: _cegui_ogre_2: Loading 1 faces(PF_A8B8G8R8,128x128x1) with  hardware generated mipmaps from Image. Internal format is PF_A8R8G8B8,128x128x1.
14:19:13: Texture: _cegui_ogre_3: Loading 1 faces(PF_A8B8G8R8,128x128x1) with  hardware generated mipmaps from Image. Internal format is PF_A8R8G8B8,128x128x1.
14:19:13: Texture: _cegui_ogre_4: Loading 1 faces(PF_A8B8G8R8,32x32x1) with  hardware generated mipmaps from Image. Internal format is PF_A8R8G8B8,32x32x1.
14:19:13: Texture: _cegui_ogre_5: Loading 1 faces(PF_A8B8G8R8,256x256x1) with  hardware generated mipmaps from Image. Internal format is PF_A8R8G8B8,256x256x1.
14:19:13: Texture: _cegui_ogre_6: Loading 1 faces(PF_A8B8G8R8,128x128x1) with  hardware generated mipmaps from Image. Internal format is PF_A8R8G8B8,128x128x1.
14:19:13: Texture: _cegui_ogre_7: Loading 1 faces(PF_A8B8G8R8,300x300x1) with  hardware generated mipmaps from Image. Internal format is PF_A8R8G8B8,300x300x1.
14:19:13: Font Consoleusing texture size 512x256
14:19:13: Info: Freetype returned null for character 141 in font Console
14:19:13: Info: Freetype returned null for character 160 in font Console
14:19:13: Texture: ConsoleTexture: Loading 1 faces(PF_BYTE_LA,512x256x1) with  hardware generated mipmaps from Image. Internal format is PF_BYTE_LA,512x256x1.
14:19:20: Mesh: Loading athene.mesh.
14:19:20: WARNING: athene.mesh is an older format ([MeshSerializer_v1.40]); you should upgrade it as soon as possible using the OgreMeshUpgrade tool.
14:19:20: Can't assign material 1 - Default to SubEntity of decorator1 because this Material does not exist. Have you forgotten to define it in a .material script?
14:20:04: Mesh: Loading plane.mesh.
14:20:04: Texture: texmap2.jpg: Loading 1 faces(PF_R8G8B8,512x512x1) with 5 hardware generated mipmaps from Image. Internal format is PF_X8R8G8B8,512x512x1.
14:20:04: Texture: flare.png: Loading 1 faces(PF_R8G8B8,256x256x1) with 5 hardware generated mipmaps from Image. Internal format is PF_X8R8G8B8,256x256x1.
14:20:04: Texture: smoke.png: Loading 1 faces(PF_A8R8G8B8,256x256x1) with 5 hardware generated mipmaps from Image. Internal format is PF_A8R8G8B8,256x256x1.
14:20:04: Texture: flaretrail.png: Loading 1 faces(PF_R8G8B8,128x128x1) with 5 hardware generated mipmaps from Image. Internal format is PF_X8R8G8B8,128x128x1.
14:20:44: Mesh: Loading barrel.mesh.
14:20:44: WARNING: barrel.mesh is an older format ([MeshSerializer_v1.40]); you should upgrade it as soon as possible using the OgreMeshUpgrade tool.
14:20:44: Texture: RustyBarrel.png: Loading 1 faces(PF_R8G8B8,256x256x1) with 5 hardware generated mipmaps from Image. Internal format is PF_X8R8G8B8,256x256x1.
14:20:48: Font BlueHighwayusing texture size 512x512
14:20:48: Info: Freetype returned null for character 127 in font BlueHighway
14:20:48: Info: Freetype returned null for character 128 in font BlueHighway
14:20:48: Info: Freetype returned null for character 129 in font BlueHighway
14:20:48: Info: Freetype returned null for character 130 in font BlueHighway
14:20:48: Info: Freetype returned null for character 131 in font BlueHighway
14:20:48: Info: Freetype returned null for character 132 in font BlueHighway
14:20:48: Info: Freetype returned null for character 133 in font BlueHighway
14:20:48: Info: Freetype returned null for character 134 in font BlueHighway
14:20:48: Info: Freetype returned null for character 135 in font BlueHighway
14:20:48: Info: Freetype returned null for character 136 in font BlueHighway
14:20:48: Info: Freetype returned null for character 137 in font BlueHighway
14:20:48: Info: Freetype returned null for character 138 in font BlueHighway
14:20:48: Info: Freetype returned null for character 139 in font BlueHighway
14:20:48: Info: Freetype returned null for character 140 in font BlueHighway
14:20:48: Info: Freetype returned null for character 141 in font BlueHighway
14:20:48: Info: Freetype returned null for character 142 in font BlueHighway
14:20:48: Info: Freetype returned null for character 143 in font BlueHighway
14:20:48: Info: Freetype returned null for character 144 in font BlueHighway
14:20:48: Info: Freetype returned null for character 145 in font BlueHighway
14:20:48: Info: Freetype returned null for character 146 in font BlueHighway
14:20:48: Info: Freetype returned null for character 147 in font BlueHighway
14:20:48: Info: Freetype returned null for character 148 in font BlueHighway
14:20:48: Info: Freetype returned null for character 149 in font BlueHighway
14:20:48: Info: Freetype returned null for character 150 in font BlueHighway
14:20:48: Info: Freetype returned null for character 151 in font BlueHighway
14:20:48: Info: Freetype returned null for character 152 in font BlueHighway
14:20:48: Info: Freetype returned null for character 153 in font BlueHighway
14:20:48: Info: Freetype returned null for character 154 in font BlueHighway
14:20:48: Info: Freetype returned null for character 155 in font BlueHighway
14:20:48: Info: Freetype returned null for character 156 in font BlueHighway
14:20:48: Info: Freetype returned null for character 157 in font BlueHighway
14:20:48: Info: Freetype returned null for character 158 in font BlueHighway
14:20:48: Info: Freetype returned null for character 159 in font BlueHighway
14:20:48: Info: Freetype returned null for character 160 in font BlueHighway
14:20:48: Texture: BlueHighwayTexture: Loading 1 faces(PF_BYTE_LA,512x512x1) with  hardware generated mipmaps from Image. Internal format is PF_BYTE_LA,512x512x1.
