14|19|8z_*1z_*1z_*Imported..
14|19|8z_*0z_*1z_*Initializing Modules...
14|19|8z_*1z_*1z_*Initializing
14|19|8z_*6z_*1z_*Initializing..
14|19|8z_*7z_*1z_*Initializing New Decoration Handeler
14|19|8z_*0z_*1z_*Powerin' up!..
14|19|8z_*0z_*1z_*PWR: UnitHandeler
14|19|8z_*0z_*1z_*PWR: Render
14|19|8z_*1z_*1z_*Creating Root
14|19|9z_*1z_*1z_*Defining Resources
14|19|9z_*1z_*1z_*Setting up RenderSystem
14|19|9z_*1z_*1z_*Creating renderwindow
14|19|10z_*1z_*1z_*Initializing Resource Groups
14|19|11z_*1z_*1z_*Setting up scene
14|19|11z_*2z_*1z_*Setting up terrain..
14|19|12z_*2z_*1z_*Skybox..
14|19|12z_*2z_*1z_*Camera..
14|19|12z_*2z_*1z_*Camera: Creating camera
14|19|12z_*2z_*1z_*Particle Parameters
14|19|12z_*2z_*1z_*SelectStuff..
14|19|12z_*2z_*1z_*SelectStuff: Defining Rectangles..
14|19|12z_*2z_*1z_*SelectStuff: Setting up RayTrace
14|19|12z_*2z_*1z_*EntityHandeler..
14|19|12z_*2z_*1z_*	Loading entitys..
14|19|12z_*8z_*1z_*Reading Files..
14|19|12z_*8z_*1z_*Parsing Files..
14|19|12z_*8z_*1z_*Parsing Files..
14|19|12z_*8z_*1z_*Parsing Files..
14|19|12z_*8z_*1z_*Parsing Files..
14|19|12z_*8z_*1z_*Parsing Files..
14|19|12z_*8z_*1z_*Parsing Files..
14|19|12z_*8z_*1z_*Parsing Files..
14|19|12z_*8z_*1z_*Parsing Files..
14|19|12z_*8z_*1z_*Parsing Files..
14|19|12z_*8z_*1z_*Parsing Files..
14|19|12z_*8z_*1z_*Parsing Files..
14|19|12z_*8z_*1z_*Parsing Files..
14|19|12z_*8z_*1z_*Parsing Files..
14|19|12z_*8z_*1z_*Parsing Files..
14|19|12z_*8z_*1z_*Parsing Files..
14|19|12z_*8z_*1z_*Parsing Files..
14|19|12z_*8z_*1z_*Parsing Files..
14|19|12z_*8z_*1z_*Parsing Files..
14|19|12z_*8z_*1z_*Parsing Files..
14|19|12z_*8z_*1z_*Parsing Files..
14|19|12z_*8z_*1z_*Parsing Files..
14|19|12z_*8z_*1z_*Parsing Files..
14|19|12z_*8z_*1z_*Parsing Files..
14|19|12z_*8z_*1z_*Parsing Files..
14|19|12z_*8z_*1z_*Parsing Files..
14|19|12z_*8z_*1z_*Parsing Files..
14|19|12z_*8z_*1z_*Parsing Files..
14|19|12z_*8z_*1z_*Parsing Files..
14|19|12z_*8z_*1z_*Parsing Files..
14|19|12z_*8z_*1z_*Parsing Files..
14|19|12z_*8z_*1z_*Parsing Files..
14|19|12z_*8z_*1z_*Parsing Files..
14|19|12z_*8z_*1z_*Parsing Files..
14|19|12z_*8z_*1z_*Parsing Files..
14|19|12z_*8z_*1z_*Parsing Files..
14|19|12z_*8z_*1z_*Parsing Files..
14|19|12z_*8z_*1z_*Parsing Files..
14|19|12z_*8z_*1z_*Parsing Files..
14|19|12z_*8z_*1z_*Parsing Files..
14|19|12z_*8z_*1z_*Parsing Files..
14|19|12z_*8z_*1z_*Parsing Files..
14|19|12z_*8z_*1z_*Parsing Files..
14|19|12z_*8z_*1z_*Parsing Files..
14|19|12z_*8z_*1z_*Parsing Files..
14|19|12z_*8z_*1z_*Parsing Files..
14|19|12z_*8z_*1z_*Parsing Files..
14|19|12z_*8z_*1z_*Parsing Files..
14|19|12z_*8z_*1z_*Parsing Files..
14|19|12z_*8z_*1z_*Parsing Files..
14|19|12z_*8z_*1z_*Parsing Files..
14|19|12z_*8z_*1z_*Parsing Files..
14|19|12z_*8z_*1z_*Parsing Files..
14|19|12z_*8z_*1z_*Parsing Files..
14|19|12z_*8z_*1z_*Parsing Files..
14|19|12z_*8z_*1z_*Parsing Files..
14|19|12z_*8z_*1z_*Parsing Files..
14|19|12z_*8z_*1z_*Parsing Files..
14|19|12z_*8z_*1z_*Parsing Files..
14|19|12z_*8z_*1z_*Parsing Files..
14|19|12z_*8z_*1z_*Parsing Files..
14|19|12z_*8z_*1z_*Parsing Files..
14|19|12z_*8z_*1z_*Parsing Files..
14|19|12z_*8z_*1z_*Parsing Files..
14|19|12z_*8z_*1z_*Parsing Files..
14|19|12z_*8z_*1z_*Parsing Files..
14|19|12z_*8z_*1z_*Parsing Files..
14|19|12z_*8z_*1z_*Parsing Files..
14|19|12z_*8z_*1z_*Parsing Files..
14|19|12z_*8z_*1z_*Parsing Files..
14|19|12z_*8z_*1z_*Parsing Files..
14|19|12z_*8z_*1z_*Parsing Files..
14|19|12z_*8z_*1z_*Parsing Files..
14|19|12z_*8z_*1z_*Parsing Files..
14|19|12z_*8z_*1z_*Parsing Files..
14|19|12z_*8z_*1z_*Parsing Files..
14|19|12z_*8z_*1z_*Parsing Files..
14|19|12z_*8z_*1z_*Parsing Files..
14|19|12z_*8z_*1z_*Parsing Files..
14|19|12z_*8z_*1z_*Parsing Files..
14|19|12z_*8z_*1z_*Parsing Files..
14|19|12z_*8z_*1z_*Parsing Files..
14|19|12z_*8z_*1z_*Parsing Files..
14|19|12z_*8z_*1z_*Parsing Files..
14|19|12z_*8z_*1z_*Parsing Files..
14|19|12z_*8z_*1z_*Parsing Files..
14|19|12z_*8z_*1z_*Parsing Files..
14|19|12z_*8z_*1z_*Parsing Files..
14|19|12z_*8z_*1z_*Parsing Files..
14|19|12z_*8z_*1z_*Parsing Files..
14|19|12z_*8z_*1z_*Parsing Files..
14|19|12z_*8z_*1z_*Parsing Files..
14|19|12z_*8z_*1z_*Parsing Files..
14|19|12z_*8z_*1z_*Parsing Files..
14|19|12z_*8z_*1z_*Parsing Files..
14|19|12z_*8z_*1z_*Parsing Files..
14|19|12z_*8z_*1z_*Parsing Files..
14|19|12z_*8z_*1z_*Parsing Files..
14|19|12z_*8z_*1z_*Parsing Files..
14|19|12z_*8z_*1z_*Parsing Files..
14|19|12z_*8z_*1z_*Parsing Files..
14|19|12z_*8z_*1z_*Parsing Files..
14|19|12z_*8z_*1z_*Parsing Files..
14|19|12z_*8z_*1z_*Parsing Files..
14|19|12z_*8z_*1z_*Parsing Files..
14|19|12z_*8z_*1z_*Parsing Files..
14|19|12z_*8z_*1z_*Parsing Files..
14|19|12z_*8z_*1z_*Parsing Files..
14|19|12z_*8z_*1z_*Parsing Files..
14|19|12z_*8z_*1z_*Parsing Files..
14|19|12z_*8z_*1z_*Parsing Files..
14|19|12z_*8z_*1z_*Parsing Files..
14|19|12z_*8z_*1z_*Parsing Files..
14|19|12z_*8z_*1z_*Parsing Files..
14|19|12z_*8z_*1z_*Parsing Files..
14|19|12z_*8z_*1z_*Parsing Files..
14|19|12z_*8z_*1z_*Parsing Files..
14|19|12z_*8z_*1z_*Parsing Files..
14|19|12z_*8z_*1z_*Parsing Files..
14|19|12z_*8z_*1z_*Parsing Files..
14|19|12z_*8z_*1z_*Parsing Files..
14|19|12z_*8z_*1z_*Parsing Files..
14|19|12z_*8z_*1z_*Parsing Files..
14|19|12z_*8z_*1z_*Parsing Files..
14|19|12z_*8z_*1z_*Parsing Files..
14|19|12z_*8z_*1z_*Parsing Files..
14|19|12z_*8z_*1z_*Parsing Files..
14|19|12z_*8z_*1z_*Parsing Files..
14|19|12z_*8z_*1z_*Parsing Files..
14|19|12z_*8z_*1z_*Parsing Files..
14|19|12z_*8z_*1z_*Parsing Files..
14|19|12z_*8z_*1z_*Parsing Files..
14|19|12z_*8z_*1z_*Parsing Files..
14|19|12z_*8z_*1z_*Parsing Files..
14|19|12z_*8z_*1z_*Parsing Files..
14|19|12z_*8z_*1z_*Parsing Files..
14|19|12z_*8z_*1z_*Parsing Files..
14|19|12z_*8z_*1z_*Parsing Files..
14|19|12z_*8z_*1z_*Parsing Files..
14|19|12z_*8z_*1z_*Parsing Files..
14|19|12z_*8z_*1z_*Parsing Files..
14|19|12z_*8z_*1z_*Parsing Files..
14|19|12z_*8z_*1z_*Parsing Files..
14|19|12z_*8z_*1z_*Parsing Files..
14|19|12z_*8z_*1z_*Parsing Files..
14|19|12z_*8z_*1z_*Parsing Files..
14|19|12z_*8z_*1z_*Parsing Files..
14|19|12z_*8z_*1z_*Parsing Files..
14|19|12z_*8z_*1z_*Parsing Files..
14|19|12z_*8z_*1z_*Parsing Files..
14|19|12z_*8z_*1z_*Parsing Files..
14|19|12z_*8z_*1z_*Parsing Files..
14|19|12z_*8z_*1z_*Parsing Files..
14|19|12z_*8z_*1z_*Parsing Files..
14|19|12z_*8z_*1z_*Parsing Files..
14|19|12z_*8z_*1z_*Parsing Files..
14|19|12z_*8z_*1z_*Parsing Files..
14|19|12z_*8z_*1z_*Parsing Files..
14|19|12z_*8z_*1z_*Parsing Files..
14|19|12z_*8z_*1z_*Parsing Files..
14|19|12z_*8z_*1z_*Parsing Files..
14|19|12z_*8z_*1z_*Parsing Files..
14|19|12z_*8z_*1z_*Parsing Files..
14|19|12z_*8z_*1z_*Parsing Files..
14|19|12z_*8z_*1z_*Parsing Files..
14|19|12z_*8z_*1z_*Parsing Files..
14|19|12z_*8z_*1z_*Parsing Files..
14|19|12z_*8z_*1z_*Parsing Files..
14|19|12z_*8z_*1z_*Parsing Files..
14|19|12z_*8z_*1z_*Parsing Files..
14|19|12z_*8z_*1z_*Parsing Files..
14|19|12z_*8z_*1z_*Parsing Files..
14|19|12z_*8z_*1z_*Parsing Files..
14|19|12z_*8z_*1z_*Parsing Files..
14|19|12z_*8z_*1z_*Parsing Files..
14|19|12z_*8z_*1z_*Parsing Files..
14|19|12z_*8z_*1z_*Parsing Files..
14|19|12z_*8z_*1z_*Parsing Files..
14|19|12z_*8z_*1z_*Parsing Files..
14|19|12z_*8z_*1z_*Parsing Files..
14|19|12z_*8z_*1z_*Parsing Files..
14|19|12z_*8z_*1z_*Parsing Files..
14|19|12z_*8z_*1z_*Parsing Files..
14|19|12z_*8z_*1z_*Parsing Files..
14|19|12z_*8z_*1z_*Parsing Files..
14|19|12z_*8z_*1z_*Parsing Files..
14|19|12z_*8z_*1z_*Parsing Files..
14|19|12z_*8z_*1z_*Parsing Files..
14|19|12z_*8z_*1z_*Parsing Files..
14|19|12z_*8z_*1z_*Parsing Files..
14|19|12z_*8z_*1z_*Parsing Files..
14|19|12z_*8z_*1z_*Parsing Files..
14|19|12z_*8z_*1z_*Parsing Files..
14|19|12z_*8z_*1z_*Parsing Files..
14|19|12z_*8z_*1z_*Parsing Files..
14|19|12z_*8z_*1z_*Parsing Files..
14|19|12z_*8z_*1z_*Parsing Files..
14|19|12z_*8z_*1z_*Parsing Files..
14|19|12z_*8z_*1z_*Parsing Files..
14|19|12z_*8z_*1z_*Parsing Files..
14|19|12z_*8z_*1z_*Parsing Files..
14|19|12z_*8z_*1z_*Parsing Files..
14|19|12z_*8z_*1z_*Parsing Files..
14|19|12z_*8z_*1z_*Parsing Files..
14|19|12z_*8z_*1z_*Parsing Files..
14|19|12z_*8z_*1z_*Parsing Files..
14|19|12z_*8z_*1z_*Parsing Files..
14|19|12z_*8z_*1z_*Parsing Files..
14|19|12z_*8z_*1z_*Parsing Files..
14|19|12z_*8z_*1z_*Parsing Files..
14|19|12z_*8z_*1z_*Parsing Files..
14|19|12z_*8z_*1z_*Parsing Files..
14|19|12z_*8z_*1z_*Parsing Files..
14|19|12z_*8z_*1z_*Parsing Files..
14|19|12z_*8z_*1z_*Parsing Files..
14|19|12z_*8z_*1z_*Parsing Files..
14|19|12z_*8z_*1z_*Parsing Files..
14|19|12z_*8z_*1z_*Parsing Files..
14|19|12z_*8z_*1z_*Parsing Files..
14|19|12z_*8z_*1z_*Parsing Files..
14|19|12z_*8z_*1z_*Parsing Files..
14|19|12z_*8z_*1z_*Parsing Files..
14|19|12z_*8z_*1z_*Parsing Files..
14|19|12z_*8z_*1z_*Parsing Files..
14|19|12z_*8z_*1z_*Parsing Files..
14|19|12z_*8z_*1z_*Parsing Files..
14|19|12z_*8z_*1z_*Parsing Files..
14|19|12z_*8z_*1z_*Parsing Files..
14|19|12z_*8z_*1z_*Parsing Files..
14|19|12z_*8z_*1z_*Parsing Files..
14|19|12z_*8z_*1z_*Parsing Files..
14|19|12z_*8z_*1z_*Parsing Files..
14|19|12z_*8z_*1z_*Parsing Files..
14|19|12z_*8z_*1z_*Parsing Files..
14|19|12z_*8z_*1z_*Parsing Files..
14|19|12z_*8z_*1z_*Parsing Files..
14|19|12z_*8z_*1z_*Parsing Files..
14|19|12z_*8z_*1z_*Parsing Files..
14|19|12z_*8z_*1z_*Parsing Files..
14|19|12z_*8z_*1z_*Parsing Files..
14|19|12z_*8z_*1z_*Parsing Files..
14|19|12z_*8z_*1z_*Parsing Files..
14|19|12z_*8z_*1z_*Parsing Files..
14|19|12z_*8z_*1z_*Parsing Files..
14|19|12z_*8z_*1z_*Parsing Files..
14|19|12z_*8z_*1z_*Parsing Files..
14|19|12z_*8z_*1z_*Parsing Files..
14|19|12z_*8z_*1z_*Parsing Files..
14|19|12z_*8z_*1z_*Parsing Files..
14|19|12z_*8z_*1z_*Parsing Files..
14|19|12z_*8z_*1z_*Parsing Files..
14|19|12z_*8z_*1z_*Parsing Files..
14|19|12z_*8z_*1z_*Parsing Files..
14|19|12z_*8z_*1z_*Parsing Files..
14|19|12z_*8z_*1z_*Parsing Files..
14|19|12z_*8z_*1z_*Parsing Files..
14|19|12z_*8z_*1z_*Parsing Files..
14|19|12z_*8z_*1z_*Parsing Files..
14|19|12z_*8z_*1z_*Parsing Files..
14|19|12z_*8z_*1z_*Parsing Files..
14|19|12z_*8z_*1z_*Parsing Files..
14|19|12z_*8z_*1z_*Parsing Files..
14|19|12z_*8z_*1z_*Parsing Files..
14|19|12z_*8z_*1z_*Parsing Files..
14|19|12z_*8z_*1z_*Parsing Files..
14|19|12z_*8z_*1z_*Parsing Files..
14|19|12z_*8z_*1z_*Parsing Files..
14|19|12z_*8z_*1z_*Parsing Files..
14|19|12z_*8z_*1z_*Parsing Files..
14|19|12z_*8z_*1z_*Parsing Files..
14|19|12z_*8z_*1z_*Parsing Files..
14|19|12z_*8z_*1z_*Parsing Files..
14|19|12z_*8z_*1z_*Parsing Files..
14|19|12z_*8z_*1z_*Parsing Files..
14|19|12z_*8z_*1z_*Parsing Files..
14|19|12z_*8z_*1z_*Parsing Files..
14|19|12z_*8z_*1z_*Parsing Files..
14|19|12z_*8z_*1z_*Parsing Files..
14|19|12z_*8z_*1z_*Parsing Files..
14|19|12z_*8z_*1z_*Parsing Files..
14|19|12z_*8z_*1z_*Parsing Files..
14|19|12z_*8z_*1z_*Parsing Files..
14|19|12z_*8z_*1z_*Parsing Files..
14|19|12z_*8z_*1z_*Parsing Files..
14|19|12z_*8z_*1z_*Parsing Files..
14|19|12z_*8z_*1z_*Parsing Files..
14|19|12z_*8z_*1z_*Parsing Files..
14|19|12z_*8z_*1z_*Parsing Files..
14|19|12z_*8z_*1z_*Parsing Files..
14|19|12z_*8z_*1z_*Parsing Files..
14|19|12z_*8z_*1z_*Parsing Files..
14|19|12z_*8z_*1z_*Parsing Files..
14|19|12z_*8z_*1z_*Parsing Files..
14|19|12z_*8z_*1z_*Parsing Files..
14|19|12z_*8z_*1z_*Parsing Files..
14|19|12z_*8z_*1z_*Parsing Files..
14|19|12z_*8z_*1z_*Parsing Files..
14|19|12z_*8z_*1z_*Parsing Files..
14|19|12z_*8z_*1z_*Parsing Files..
14|19|12z_*8z_*1z_*Parsing Files..
14|19|12z_*8z_*1z_*Parsing Files..
14|19|12z_*8z_*1z_*Parsing Files..
14|19|12z_*8z_*1z_*Parsing Files..
14|19|12z_*8z_*1z_*Parsing Files..
14|19|12z_*8z_*1z_*Parsing Files..
14|19|12z_*8z_*1z_*Parsing Files..
14|19|12z_*8z_*1z_*Parsing Files..
14|19|12z_*8z_*1z_*Parsing Files..
14|19|12z_*8z_*1z_*Parsing Files..
14|19|12z_*8z_*1z_*Parsing Files..
14|19|12z_*8z_*1z_*Parsing Files..
14|19|12z_*8z_*1z_*Parsing Files..
14|19|12z_*8z_*1z_*Parsing Files..
14|19|12z_*8z_*1z_*Parsing Files..
14|19|12z_*8z_*1z_*Parsing Files..
14|19|12z_*8z_*1z_*Parsing Files..
14|19|12z_*8z_*1z_*Parsing Files..
14|19|12z_*8z_*1z_*Parsing Files..
14|19|12z_*8z_*1z_*Parsing Files..
14|19|12z_*8z_*1z_*Parsing Files..
14|19|12z_*8z_*1z_*Parsing Files..
14|19|12z_*2z_*1z_*	Entitys successfuly loaded!
14|19|12z_*2z_*1z_*DecalManager...
14|19|12z_*2z_*1z_*	Defining decals..
14|19|12z_*9z_*0z_*Defining Decal: BCircle with material Circle as an A2Decal
14|19|12z_*9z_*0z_*Defining Decal: MCircle with material Circle as an A2Decal
14|19|12z_*9z_*0z_*Defining Decal: SCircle with material Circle as an A2Decal
14|19|12z_*9z_*0z_*Defining Decal: SSCircle with material Circle as an A2Decal
14|19|12z_*9z_*0z_*Defining Decal: Move with material Move as an A2Decal
14|19|12z_*9z_*0z_*Defining Decal: Burnt with material Burnt as an A2Decal
14|19|12z_*2z_*1z_*	Decals successfuly declared!
14|19|12z_*2z_*1z_*WaypointManager..
14|19|12z_*2z_*1z_*	Loading Waypoints..
14|19|12z_*10z_*0z_*Defining Tetrahedron: MoveWaypoint with material blah and scale: 20
14|19|12z_*9z_*0z_*Creating DecalMove with id 0 at (-300, -300, -300) Rot: (270, 0, 0)
14|19|12z_*2z_*1z_*WaterManager..
14|19|12z_*1z_*1z_*Setting up I/O
14|19|12z_*4z_*1z_*Setting up OIS
14|19|13z_*4z_*1z_*Joystick not found
14|19|13z_*4z_*1z_*Defining Settings
14|19|13z_*1z_*1z_*Setting up GUI
14|19|13z_*3z_*1z_*Setting up CEGUI
14|19|13z_*3z_*1z_*Creating GUI elements
14|19|13z_*3z_*1z_*Setting up Gui Elements
14|19|13z_*1z_*1z_*Setting up DBGTools
14|19|13z_*1z_*1z_*Creating Framelisteners
14|19|13z_*1z_*1z_*Starting renderloop
14|19|18z_*8z_*0z_*Creating Entity: athen : decorator
14|19|18z_*8z_*0z_*Loading Entity: athen
14|19|18z_*8z_*4z_*Entity loading FAILED!
14|19|18z_*8z_*0z_*Traceback (most recent call last):
  File "L:\Rewrite\engine\Render\render3dent.py", line 110, in __init__
    self.params=shared.EntityHandeler.GetParams(self.Type)
  File "L:\Rewrite\engine\Render\render3dent.py", line 90, in GetParams
    return self.EntDict[ent]
KeyError: 'athen'

14|19|18z_*8z_*3z_*Entity File is corrupt! Please try to redownload the entity, or contact the creator
14|19|18z_*1z_*5z_*Decorator gc'd: 0
14|19|18z_*1z_*5z_*Entity gc'd: 0
14|19|20z_*8z_*0z_*Creating Entity: athene : decorator
14|19|20z_*8z_*0z_*Loading Entity: athene
14|19|20z_*8z_*0z_*	EntityFile v.1.0
14|19|20z_*8z_*0z_*	Mesh: athene.mesh
14|19|20z_*1z_*5z_*Decorator created! ID=1
14|19|26z_*4z_*0z_*Cleared all selections
14|20|4z_*8z_*0z_*Creating Entity: plane : decorator
14|20|4z_*8z_*0z_*Loading Entity: plane
14|20|4z_*8z_*0z_*	EntityFile v.1.0
14|20|4z_*8z_*0z_*	Mesh: plane.mesh
14|20|4z_*8z_*0z_*	MoveEffect
14|20|4z_*8z_*0z_*	AddMoveEffect: 1
14|20|4z_*8z_*0z_*	DieEffect
14|20|4z_*8z_*0z_*	ActEffect: 1
14|20|4z_*8z_*0z_*	ActEffect: 2
14|20|4z_*8z_*0z_*	ActEffect: 3
14|20|4z_*8z_*0z_*	ActEffect: 4
14|20|4z_*8z_*0z_*	Light: 1
14|20|4z_*8z_*0z_*	Light: 2
14|20|4z_*8z_*0z_*	Light: 3
14|20|4z_*1z_*5z_*Decorator created! ID=2
14|20|5z_*4z_*0z_*Cleared all selections
14|20|6z_*4z_*0z_*Cleared all selections
14|20|6z_*2z_*0z_*Selection: World Selected
14|20|6z_*2z_*0z_*Selection: Selection Too Small
14|20|6z_*4z_*0z_*Cleared all selections
14|20|6z_*2z_*0z_*Selection: World Selected
14|20|6z_*2z_*0z_*Selection: Selection Too Small
14|20|9z_*4z_*0z_*Cleared all selections
14|20|10z_*4z_*0z_*Cleared all selections
14|20|10z_*4z_*0z_*Cleared all selections
14|20|10z_*4z_*0z_*Cleared all selections
14|20|10z_*4z_*0z_*Cleared all selections
14|20|11z_*2z_*0z_*Selection: World Selected
14|20|11z_*2z_*0z_*Selection: Selection Too Small
14|20|11z_*4z_*0z_*Cleared all selections
14|20|11z_*2z_*0z_*Selection: World Selected
14|20|11z_*2z_*0z_*Selection: Selection Too Small
14|20|11z_*4z_*0z_*Cleared all selections
14|20|11z_*2z_*0z_*Selection: World Selected
14|20|11z_*2z_*0z_*Selection: Selection Too Small
14|20|11z_*4z_*0z_*Cleared all selections
14|20|11z_*2z_*0z_*Selection: World Selected
14|20|11z_*2z_*0z_*Selection: Selection Too Small
14|20|11z_*4z_*0z_*Cleared all selections
14|20|11z_*2z_*0z_*Selection: Selection Too Small
14|20|11z_*4z_*0z_*Cleared all selections
14|20|11z_*2z_*0z_*Selection: Selection Too Small
14|20|12z_*4z_*0z_*Cleared all selections
14|20|12z_*2z_*0z_*Selection: World Selected
14|20|12z_*2z_*0z_*Selection: Selection Too Small
14|20|12z_*4z_*0z_*Cleared all selections
14|20|12z_*2z_*0z_*Selection: World Selected
14|20|12z_*2z_*0z_*Selection: Selection Too Small
14|20|12z_*4z_*0z_*Cleared all selections
14|20|12z_*2z_*0z_*Selection: World Selected
14|20|12z_*2z_*0z_*Selection: Selection Too Small
14|20|12z_*4z_*0z_*Cleared all selections
14|20|12z_*2z_*0z_*Selection: Selection Too Small
14|20|44z_*8z_*0z_*Creating Entity: barrel : unit
14|20|44z_*8z_*0z_*Loading Entity: barrel
14|20|44z_*8z_*0z_*	EntityFile v.1.0
14|20|44z_*8z_*0z_*	Mesh: barrel.mesh
14|20|44z_*1z_*5z_*Unit created! ID=0
14|20|48z_*4z_*0z_*Cleared all selections
14|20|48z_*1z_*5z_*Unit selected: 0
14|20|50z_*4z_*0z_*Cleared all selections
14|20|50z_*1z_*5z_*Unit deselected: 0
14|20|50z_*2z_*0z_*Selection: World Selected
14|20|50z_*2z_*0z_*Selection: Selection Too Small
14|20|50z_*4z_*0z_*Cleared all selections
14|20|50z_*1z_*5z_*Unit selected: 0
14|20|51z_*3z_*0z_*Entered: Root/UnitOpt/BG/Actions/1
14|20|51z_*3z_*0z_*Entered: Root/UnitOpt/BG/Actions
14|20|51z_*3z_*0z_*Entered: Root/UnitOpt/BG/Actions/0
14|20|51z_*3z_*0z_*Entered: Root/Power/BG/Bar
14|20|56z_*4z_*0z_*Cleared all selections
14|20|56z_*1z_*5z_*Unit deselected: 0
14|20|57z_*2z_*0z_*Selection: Selection Too Small
14|20|58z_*4z_*0z_*Cleared all selections
14|20|59z_*1z_*5z_*Unit selected: 0
14|20|59z_*4z_*0z_*Cleared all selections
14|20|59z_*1z_*5z_*Unit deselected: 0
14|20|59z_*1z_*5z_*Unit selected: 0
14|21|0z_*4z_*0z_*Cleared all selections
14|21|0z_*1z_*5z_*Unit deselected: 0
14|21|0z_*1z_*5z_*Unit selected: 0
14|21|0z_*4z_*0z_*Cleared all selections
14|21|0z_*1z_*5z_*Unit deselected: 0
14|21|1z_*1z_*5z_*Unit selected: 0
14|21|1z_*4z_*0z_*Cleared all selections
14|21|1z_*1z_*5z_*Unit deselected: 0
14|21|1z_*2z_*0z_*Selection: Selection Too Small
14|21|7z_*1z_*2z_*Cleaning up!
